C51 COMPILER V9.00   KEYSCAN                                                               12/14/2021 15:45:16 PAGE 1   


C51 COMPILER V9.00, COMPILATION OF MODULE KEYSCAN
OBJECT MODULE PLACED IN keyscan.OBJ
COMPILER INVOKED BY: C:\Keil\C51\BIN\C51.EXE keyscan.c BROWSE DEBUG OBJECTEXTEND

line level    source

   1          #include "keyscan.h"
   2          
   3          uchar keyscan(void)
   4          {
   5   1              uchar readkey,rereadkey;
   6   1              uchar x_temp,y_temp;
   7   1              
   8   1              KEY_PORT=0x0f;
   9   1              x_temp=KEY_PORT&0x0f;
  10   1              if (x_temp==0x0f) return(0xff);
  11   1              KEY_PORT=0xf0;
  12   1              y_temp=KEY_PORT&0xf0;
  13   1              readkey=x_temp|y_temp;
  14   1              time(10);
  15   1              KEY_PORT=0x0f;
  16   1              x_temp=KEY_PORT&0x0f;
  17   1              if (x_temp==0x0f) return(0xff);
  18   1              KEY_PORT=0xf0;
  19   1              y_temp=KEY_PORT&0xf0;
  20   1              rereadkey=x_temp+y_temp;
  21   1              if(readkey==rereadkey) return (~rereadkey);
  22   1              
  23   1              return (0xff);
  24   1      }


MODULE INFORMATION:   STATIC OVERLAYABLE
   CODE SIZE        =     68    ----
   CONSTANT SIZE    =   ----    ----
   XDATA SIZE       =   ----    ----
   PDATA SIZE       =   ----    ----
   DATA SIZE        =   ----       2
   IDATA SIZE       =   ----    ----
   BIT SIZE         =   ----    ----
END OF MODULE INFORMATION.


C51 COMPILATION COMPLETE.  0 WARNING(S),  0 ERROR(S)
